{"numFailedTestSuites":0,"numFailedTests":0,"numPassedTestSuites":1,"numPassedTests":17,"numPendingTestSuites":0,"numPendingTests":3,"numRuntimeErrorTestSuites":0,"numTodoTests":0,"numTotalTestSuites":1,"numTotalTests":20,"openHandles":[],"snapshot":{"added":0,"didUpdate":false,"failure":false,"filesAdded":0,"filesRemoved":0,"filesRemovedList":[],"filesUnmatched":0,"filesUpdated":0,"matched":0,"total":0,"unchecked":0,"uncheckedKeysByFile":[],"unmatched":0,"updated":0},"startTime":1769516886491,"success":true,"testResults":[{"assertionResults":[{"ancestorTitles":["extractProjectName"],"duration":1,"failureDetails":[],"failureMessages":[],"fullName":"extractProjectName should extract project name from \"Tell me about X\" pattern","invocations":1,"location":null,"numPassingAsserts":3,"retryReasons":[],"status":"passed","title":"should extract project name from \"Tell me about X\" pattern"},{"ancestorTitles":["extractProjectName"],"duration":0,"failureDetails":[],"failureMessages":[],"fullName":"extractProjectName should be case-insensitive","invocations":1,"location":null,"numPassingAsserts":2,"retryReasons":[],"status":"passed","title":"should be case-insensitive"},{"ancestorTitles":["extractProjectName"],"duration":0,"failureDetails":[],"failureMessages":[],"fullName":"extractProjectName should extract from \"what does X do\" pattern","invocations":1,"location":null,"numPassingAsserts":2,"retryReasons":[],"status":"passed","title":"should extract from \"what does X do\" pattern"},{"ancestorTitles":["extractProjectName"],"duration":1,"failureDetails":[],"failureMessages":[],"fullName":"extractProjectName should extract from \"Tell me more about X\" pattern","invocations":1,"location":null,"numPassingAsserts":1,"retryReasons":[],"status":"passed","title":"should extract from \"Tell me more about X\" pattern"},{"ancestorTitles":["extractProjectName"],"duration":0,"failureDetails":[],"failureMessages":[],"fullName":"extractProjectName should return null for non-project text","invocations":1,"location":null,"numPassingAsserts":3,"retryReasons":[],"status":"passed","title":"should return null for non-project text"},{"ancestorTitles":["extractProjectName"],"duration":0,"failureDetails":[],"failureMessages":[],"fullName":"extractProjectName should return null for empty or invalid input","invocations":1,"location":null,"numPassingAsserts":4,"retryReasons":[],"status":"passed","title":"should return null for empty or invalid input"},{"ancestorTitles":["extractProjectName"],"duration":1,"failureDetails":[],"failureMessages":[],"fullName":"extractProjectName should match all projects in PROJECT_ENTITY_MAP","invocations":1,"location":null,"numPassingAsserts":6,"retryReasons":[],"status":"passed","title":"should match all projects in PROJECT_ENTITY_MAP"},{"ancestorTitles":["getSuggestionImage"],"duration":0,"failureDetails":[],"failureMessages":[],"fullName":"getSuggestionImage should return image info for Vector Watch","invocations":1,"location":null,"numPassingAsserts":4,"retryReasons":[],"status":"passed","title":"should return image info for Vector Watch"},{"ancestorTitles":["getSuggestionImage"],"duration":1,"failureDetails":[],"failureMessages":[],"fullName":"getSuggestionImage should return image info for UiPath Autopilot","invocations":1,"location":null,"numPassingAsserts":3,"retryReasons":[],"status":"passed","title":"should return image info for UiPath Autopilot"},{"ancestorTitles":["getSuggestionImage"],"duration":0,"failureDetails":[],"failureMessages":[],"fullName":"getSuggestionImage should prefer photo over diagram for UiPath Autopilot","invocations":1,"location":null,"numPassingAsserts":2,"retryReasons":[],"status":"passed","title":"should prefer photo over diagram for UiPath Autopilot"},{"ancestorTitles":["getSuggestionImage"],"duration":0,"failureDetails":[],"failureMessages":[],"fullName":"getSuggestionImage should return image info for Clipboard AI","invocations":1,"location":null,"numPassingAsserts":2,"retryReasons":[],"status":"passed","title":"should return image info for Clipboard AI"},{"ancestorTitles":["getSuggestionImage"],"duration":0,"failureDetails":[],"failureMessages":[],"fullName":"getSuggestionImage should return image info for Desktop Agent","invocations":1,"location":null,"numPassingAsserts":2,"retryReasons":[],"status":"passed","title":"should return image info for Desktop Agent"},{"ancestorTitles":["getSuggestionImage"],"duration":0,"failureDetails":[],"failureMessages":[],"fullName":"getSuggestionImage should return image info for Semantic Space","invocations":1,"location":null,"numPassingAsserts":2,"retryReasons":[],"status":"passed","title":"should return image info for Semantic Space"},{"ancestorTitles":["getSuggestionImage"],"duration":0,"failureDetails":[],"failureMessages":[],"fullName":"getSuggestionImage should return null for Fitbit OS (no assets)","invocations":1,"location":null,"numPassingAsserts":1,"retryReasons":[],"status":"passed","title":"should return null for Fitbit OS (no assets)"},{"ancestorTitles":["getSuggestionImage"],"duration":0,"failureDetails":[],"failureMessages":[],"fullName":"getSuggestionImage should return null for unknown project","invocations":1,"location":null,"numPassingAsserts":1,"retryReasons":[],"status":"passed","title":"should return null for unknown project"},{"ancestorTitles":["getSuggestionImage"],"duration":0,"failureDetails":[],"failureMessages":[],"fullName":"getSuggestionImage should return null for non-project suggestion","invocations":1,"location":null,"numPassingAsserts":1,"retryReasons":[],"status":"passed","title":"should return null for non-project suggestion"},{"ancestorTitles":["getSuggestionImage"],"duration":null,"failureDetails":[],"failureMessages":[],"fullName":"getSuggestionImage should handle missing manifest gracefully","invocations":1,"location":null,"numPassingAsserts":0,"retryReasons":[],"status":"pending","title":"should handle missing manifest gracefully"},{"ancestorTitles":["getSuggestionImage"],"duration":null,"failureDetails":[],"failureMessages":[],"fullName":"getSuggestionImage should handle corrupted manifest gracefully","invocations":1,"location":null,"numPassingAsserts":0,"retryReasons":[],"status":"pending","title":"should handle corrupted manifest gracefully"},{"ancestorTitles":["getSuggestionImage"],"duration":null,"failureDetails":[],"failureMessages":[],"fullName":"getSuggestionImage should handle empty manifest","invocations":1,"location":null,"numPassingAsserts":0,"retryReasons":[],"status":"pending","title":"should handle empty manifest"},{"ancestorTitles":["getSuggestionImage"],"duration":0,"failureDetails":[],"failureMessages":[],"fullName":"getSuggestionImage should cache manifest across multiple calls","invocations":1,"location":null,"numPassingAsserts":1,"retryReasons":[],"status":"passed","title":"should cache manifest across multiple calls"}],"endTime":1769516886601,"message":"","name":"/Users/andreiclodius/Documents/Projects/framdesign/tests/lib/project-image-map.test.ts","startTime":1769516886511,"status":"focused","summary":""}],"wasInterrupted":false}
